2021-06-09 11:40:14,750 [Worker-5] INFO  o.e.m.c.i.l.LifecycleMappingFactory - Using org.eclipse.m2e.jdt.JarLifecycleMapping lifecycle mapping for MavenProject: com.lexisnexis.risk:SeleniumFramework_BocaDev:1.2 @ C:\Kalai\Selenium\SeleniumFramework_BocaDev\pom.xml.
2021-06-09 11:40:18,618 [Worker-5] INFO  o.e.m.j.i.AbstractJavaProjectConfigurator - Adding source folder /SeleniumFramework_BocaDev/src/main/java
2021-06-09 11:40:18,620 [Worker-5] INFO  o.e.m.j.i.AbstractJavaProjectConfigurator - Adding resource folder /SeleniumFramework_BocaDev/src/main/resources
2021-06-09 11:40:18,624 [Worker-5] INFO  o.e.m.j.i.AbstractJavaProjectConfigurator - Adding source folder /SeleniumFramework_BocaDev/src/test/java
2021-06-09 11:40:18,624 [Worker-5] INFO  o.e.m.j.i.AbstractJavaProjectConfigurator - Adding resource folder /SeleniumFramework_BocaDev/src/test/resources
2021-06-09 11:40:18,915 [Worker-5] INFO  o.e.m.c.i.p.ProjectConfigurationManager - Imported and configured 1 project(s) in 12 sec
2021-06-09 11:40:21,038 [Worker-10] INFO  o.e.m.c.i.embedder.EclipseLogger - Using 'UTF-8' encoding to copy filtered resources.
2021-06-09 11:40:21,046 [Worker-10] INFO  o.e.m.c.i.embedder.EclipseLogger - Copying 1 resource
2021-06-09 11:40:23,147 [Worker-10] INFO  o.e.m.c.i.embedder.EclipseLogger - Using 'UTF-8' encoding to format source files.
2021-06-09 11:40:23,282 [Worker-10] INFO  o.e.m.c.i.embedder.EclipseLogger - Number of files to be formatted: 86
2021-06-09 11:40:24,671 [Worker-10] INFO  o.e.m.c.i.embedder.EclipseLogger - Successfully formatted: 0 file(s)
2021-06-09 11:40:24,672 [Worker-10] INFO  o.e.m.c.i.embedder.EclipseLogger - Fail to format        : 0 file(s)
2021-06-09 11:40:24,672 [Worker-10] INFO  o.e.m.c.i.embedder.EclipseLogger - Skipped               : 86 file(s)
2021-06-09 11:40:24,672 [Worker-10] INFO  o.e.m.c.i.embedder.EclipseLogger - Approximate time taken: 1s
2021-06-09 11:40:24,677 [Worker-10] INFO  o.e.m.c.i.embedder.EclipseLogger - Using 'UTF-8' encoding to copy filtered resources.
2021-06-09 11:40:24,679 [Worker-10] INFO  o.e.m.c.i.embedder.EclipseLogger - Copying 6 resources
2021-06-09 12:30:14,267 [Worker-18] INFO  o.e.m.c.i.embedder.EclipseLogger - Using 'UTF-8' encoding to copy filtered resources.
2021-06-09 12:30:14,277 [Worker-18] INFO  o.e.m.c.i.embedder.EclipseLogger - Copying 0 resource
2021-06-09 12:30:14,282 [Worker-18] INFO  o.e.m.c.i.embedder.EclipseLogger - Using 'UTF-8' encoding to copy filtered resources.
2021-06-09 12:30:14,289 [Worker-18] INFO  o.e.m.c.i.embedder.EclipseLogger - Copying 6 resources
2021-06-09 12:30:59,337 [Worker-22] INFO  o.e.m.c.i.embedder.EclipseLogger - Using 'UTF-8' encoding to copy filtered resources.
2021-06-09 12:30:59,339 [Worker-22] INFO  o.e.m.c.i.embedder.EclipseLogger - Copying 0 resource
2021-06-09 12:30:59,341 [Worker-22] INFO  o.e.m.c.i.embedder.EclipseLogger - Using 'UTF-8' encoding to copy filtered resources.
2021-06-09 12:30:59,344 [Worker-22] INFO  o.e.m.c.i.embedder.EclipseLogger - Copying 6 resources
2021-06-09 14:15:57,136 [Worker-53] INFO  o.e.m.c.i.l.LifecycleMappingFactory - Using org.eclipse.m2e.jdt.JarLifecycleMapping lifecycle mapping for MavenProject: com.lexisnexis.risk:SeleniumFramework_BocaDev:1.2 @ C:\Kalai\Selenium\SeleniumFramework_BocaDev\pom.xml.
2021-06-09 14:16:01,794 [Worker-51] INFO  o.e.m.c.i.embedder.EclipseLogger - Using 'UTF-8' encoding to copy filtered resources.
2021-06-09 14:16:01,798 [Worker-51] INFO  o.e.m.c.i.embedder.EclipseLogger - Copying 0 resource
2021-06-09 14:16:01,802 [Worker-51] INFO  o.e.m.c.i.embedder.EclipseLogger - Using 'UTF-8' encoding to copy filtered resources.
2021-06-09 14:16:01,802 [Worker-51] INFO  o.e.m.c.i.embedder.EclipseLogger - Copying 0 resource
2021-06-11 13:41:44,336 [Worker-156] INFO  o.e.m.c.i.embedder.EclipseLogger - Using 'UTF-8' encoding to copy filtered resources.
2021-06-11 13:41:44,435 [Worker-156] INFO  o.e.m.c.i.embedder.EclipseLogger - Copying 1 resource
2021-06-11 13:41:44,445 [Worker-156] INFO  o.e.m.c.i.embedder.EclipseLogger - Using 'UTF-8' encoding to copy filtered resources.
2021-06-11 13:41:44,445 [Worker-156] INFO  o.e.m.c.i.embedder.EclipseLogger - Copying 6 resources
2021-06-11 13:42:16,756 [Worker-158] INFO  o.e.m.c.i.embedder.EclipseLogger - Using 'UTF-8' encoding to copy filtered resources.
2021-06-11 13:42:16,760 [Worker-158] INFO  o.e.m.c.i.embedder.EclipseLogger - Copying 0 resource
2021-06-11 13:42:16,761 [Worker-158] INFO  o.e.m.c.i.embedder.EclipseLogger - Using 'UTF-8' encoding to copy filtered resources.
2021-06-11 13:42:16,762 [Worker-158] INFO  o.e.m.c.i.embedder.EclipseLogger - Copying 0 resource
2021-06-11 13:42:58,446 [Worker-153] INFO  o.e.m.c.i.embedder.EclipseLogger - Using 'UTF-8' encoding to copy filtered resources.
2021-06-11 13:42:58,446 [Worker-153] INFO  o.e.m.c.i.embedder.EclipseLogger - Copying 0 resource
2021-06-11 13:42:58,447 [Worker-153] INFO  o.e.m.c.i.embedder.EclipseLogger - Using 'UTF-8' encoding to copy filtered resources.
2021-06-11 13:42:58,453 [Worker-153] INFO  o.e.m.c.i.embedder.EclipseLogger - Copying 6 resources
2021-06-11 13:43:12,657 [Worker-157] INFO  o.e.m.c.i.embedder.EclipseLogger - Using 'UTF-8' encoding to copy filtered resources.
2021-06-11 13:43:12,657 [Worker-157] INFO  o.e.m.c.i.embedder.EclipseLogger - Copying 0 resource
2021-06-11 13:43:12,659 [Worker-157] INFO  o.e.m.c.i.embedder.EclipseLogger - Using 'UTF-8' encoding to copy filtered resources.
2021-06-11 13:43:12,660 [Worker-157] INFO  o.e.m.c.i.embedder.EclipseLogger - Copying 6 resources
2021-06-11 13:43:20,294 [Worker-158] INFO  o.e.m.c.i.embedder.EclipseLogger - Using 'UTF-8' encoding to copy filtered resources.
2021-06-11 13:43:20,294 [Worker-158] INFO  o.e.m.c.i.embedder.EclipseLogger - Copying 0 resource
2021-06-11 13:43:20,295 [Worker-158] INFO  o.e.m.c.i.embedder.EclipseLogger - Using 'UTF-8' encoding to copy filtered resources.
2021-06-11 13:43:20,297 [Worker-158] INFO  o.e.m.c.i.embedder.EclipseLogger - Copying 6 resources
2021-06-11 13:43:27,475 [Worker-155] INFO  o.e.m.c.i.p.ProjectConfigurationManager - Update started
2021-06-11 13:43:31,241 [Worker-155] INFO  o.e.m.c.i.l.LifecycleMappingFactory - Using org.eclipse.m2e.jdt.JarLifecycleMapping lifecycle mapping for MavenProject: com.lexisnexis.risk:SeleniumFramework_BocaDev:1.2 @ C:\Kalai\Selenium\SeleniumFramework_BocaDev\pom.xml.
2021-06-11 13:43:32,068 [Worker-155] INFO  o.e.m.j.i.AbstractJavaProjectConfigurator - Adding source folder /SeleniumFramework_BocaDev/src/main/java
2021-06-11 13:43:32,069 [Worker-155] INFO  o.e.m.j.i.AbstractJavaProjectConfigurator - Adding resource folder /SeleniumFramework_BocaDev/src/main/resources
2021-06-11 13:43:32,071 [Worker-155] INFO  o.e.m.j.i.AbstractJavaProjectConfigurator - Adding source folder /SeleniumFramework_BocaDev/src/test/java
2021-06-11 13:43:32,071 [Worker-155] INFO  o.e.m.j.i.AbstractJavaProjectConfigurator - Adding resource folder /SeleniumFramework_BocaDev/src/test/resources
2021-06-11 13:43:32,337 [Worker-155] INFO  o.e.m.c.i.p.ProjectConfigurationManager - Update completed: 4 sec
2021-06-11 13:43:33,399 [Worker-155] INFO  o.e.m.c.i.embedder.EclipseLogger - Using 'UTF-8' encoding to copy filtered resources.
2021-06-11 13:43:33,400 [Worker-155] INFO  o.e.m.c.i.embedder.EclipseLogger - Copying 1 resource
2021-06-11 13:43:34,777 [Worker-155] INFO  o.e.m.c.i.embedder.EclipseLogger - Using 'UTF-8' encoding to format source files.
2021-06-11 13:43:34,862 [Worker-155] INFO  o.e.m.c.i.embedder.EclipseLogger - Number of files to be formatted: 86
2021-06-11 13:43:35,671 [Worker-155] INFO  o.e.m.c.i.embedder.EclipseLogger - Successfully formatted: 1 file(s)
2021-06-11 13:43:35,671 [Worker-155] INFO  o.e.m.c.i.embedder.EclipseLogger - Fail to format        : 0 file(s)
2021-06-11 13:43:35,671 [Worker-155] INFO  o.e.m.c.i.embedder.EclipseLogger - Skipped               : 85 file(s)
2021-06-11 13:43:35,671 [Worker-155] INFO  o.e.m.c.i.embedder.EclipseLogger - Approximate time taken: 0s
2021-06-11 13:43:35,673 [Worker-155] INFO  o.e.m.c.i.embedder.EclipseLogger - Using 'UTF-8' encoding to copy filtered resources.
2021-06-11 13:43:35,674 [Worker-155] INFO  o.e.m.c.i.embedder.EclipseLogger - Copying 6 resources
2021-06-14 16:58:17,781 [Worker-5] INFO  o.e.m.c.i.embedder.EclipseLogger - Using 'UTF-8' encoding to copy filtered resources.
2021-06-14 16:58:17,788 [Worker-5] INFO  o.e.m.c.i.embedder.EclipseLogger - Copying 1 resource
2021-06-14 16:58:17,793 [Worker-5] INFO  o.e.m.c.i.embedder.EclipseLogger - Using 'UTF-8' encoding to copy filtered resources.
2021-06-14 16:58:17,794 [Worker-5] INFO  o.e.m.c.i.embedder.EclipseLogger - Copying 6 resources
2021-06-14 17:01:02,124 [Worker-5] INFO  o.e.m.i.launch.MavenLaunchDelegate - C:\Kalai\Selenium\SeleniumFramework_BocaDev
2021-06-14 17:01:02,126 [Worker-5] INFO  o.e.m.i.launch.MavenLaunchDelegate -  mvn -Pbocadev  -B -s C:\Users\EaswKa01\.m2\settings.xml clean post-integration-test
2021-06-14 17:02:04,280 [Worker-11] INFO  o.e.m.i.launch.MavenLaunchDelegate - C:\Kalai\Selenium\SeleniumFramework_BocaDev
2021-06-14 17:02:04,280 [Worker-11] INFO  o.e.m.i.launch.MavenLaunchDelegate -  mvn -Pbocadev  -B -s C:\Users\EaswKa01\.m2\settings.xml clean post-integration-test
2021-06-14 17:04:07,744 [Worker-9] INFO  o.e.m.c.i.embedder.EclipseLogger - Using 'UTF-8' encoding to copy filtered resources.
2021-06-14 17:04:07,745 [Worker-9] INFO  o.e.m.c.i.embedder.EclipseLogger - Copying 0 resource
2021-06-14 17:04:07,747 [Worker-9] INFO  o.e.m.c.i.embedder.EclipseLogger - Using 'UTF-8' encoding to copy filtered resources.
2021-06-14 17:04:07,749 [Worker-9] INFO  o.e.m.c.i.embedder.EclipseLogger - Copying 6 resources
2021-06-14 17:05:41,659 [Worker-11] INFO  o.e.m.c.i.p.ProjectConfigurationManager - Update started
2021-06-14 17:05:42,975 [Worker-11] INFO  o.e.m.c.i.l.LifecycleMappingFactory - Using org.eclipse.m2e.jdt.JarLifecycleMapping lifecycle mapping for MavenProject: com.lexisnexis.risk:SeleniumFramework_BocaDev:1.2 @ C:\Kalai\Selenium\SeleniumFramework_BocaDev\pom.xml.
2021-06-14 17:05:43,735 [Worker-11] INFO  o.e.m.j.i.AbstractJavaProjectConfigurator - Adding source folder /SeleniumFramework_BocaDev/src/main/java
2021-06-14 17:05:43,735 [Worker-11] INFO  o.e.m.j.i.AbstractJavaProjectConfigurator - Adding resource folder /SeleniumFramework_BocaDev/src/main/resources
2021-06-14 17:05:43,738 [Worker-11] INFO  o.e.m.j.i.AbstractJavaProjectConfigurator - Adding source folder /SeleniumFramework_BocaDev/src/test/java
2021-06-14 17:05:43,738 [Worker-11] INFO  o.e.m.j.i.AbstractJavaProjectConfigurator - Adding resource folder /SeleniumFramework_BocaDev/src/test/resources
2021-06-14 17:05:43,906 [Worker-11] INFO  o.e.m.c.i.p.ProjectConfigurationManager - Update completed: 2 sec
2021-06-14 17:05:45,031 [Worker-5] INFO  o.e.m.c.i.embedder.EclipseLogger - Using 'UTF-8' encoding to copy filtered resources.
2021-06-14 17:05:45,033 [Worker-5] INFO  o.e.m.c.i.embedder.EclipseLogger - Copying 1 resource
2021-06-14 17:05:45,359 [Worker-5] INFO  o.e.m.c.i.embedder.EclipseLogger - Using 'UTF-8' encoding to format source files.
2021-06-14 17:05:45,435 [Worker-5] INFO  o.e.m.c.i.embedder.EclipseLogger - Number of files to be formatted: 85
2021-06-14 17:05:45,602 [Worker-5] INFO  o.e.m.c.i.embedder.EclipseLogger - Successfully formatted: 0 file(s)
2021-06-14 17:05:45,602 [Worker-5] INFO  o.e.m.c.i.embedder.EclipseLogger - Fail to format        : 0 file(s)
2021-06-14 17:05:45,602 [Worker-5] INFO  o.e.m.c.i.embedder.EclipseLogger - Skipped               : 85 file(s)
2021-06-14 17:05:45,602 [Worker-5] INFO  o.e.m.c.i.embedder.EclipseLogger - Approximate time taken: 0s
2021-06-14 17:05:45,604 [Worker-5] INFO  o.e.m.c.i.embedder.EclipseLogger - Using 'UTF-8' encoding to copy filtered resources.
2021-06-14 17:05:45,605 [Worker-5] INFO  o.e.m.c.i.embedder.EclipseLogger - Copying 6 resources
2021-06-14 17:17:25,114 [Worker-1] INFO  o.e.m.c.i.embedder.EclipseLogger - Using 'UTF-8' encoding to copy filtered resources.
2021-06-14 17:17:25,122 [Worker-1] INFO  o.e.m.c.i.embedder.EclipseLogger - Copying 1 resource
2021-06-14 17:17:25,127 [Worker-1] INFO  o.e.m.c.i.embedder.EclipseLogger - Using 'UTF-8' encoding to copy filtered resources.
2021-06-14 17:17:25,128 [Worker-1] INFO  o.e.m.c.i.embedder.EclipseLogger - Copying 6 resources
